<?xml version="1.0" encoding="UTF-8"?>
<coverage generated="1732872663921" clover="3.2.0">
  <project timestamp="1732872663921" name="All files">
    <metrics statements="68" coveredstatements="64" conditionals="34" coveredconditionals="34" methods="19" coveredmethods="17" elements="121" coveredelements="115" complexity="0" loc="68" ncloc="68" packages="1" files="2" classes="2"/>
    <file name="Contender.ts" path="C:\Users\meri.levente\Desktop\Tesztverseny\src\Contender.ts">
      <metrics statements="5" coveredstatements="5" conditionals="0" coveredconditionals="0" methods="1" coveredmethods="1"/>
      <line num="1" count="1" type="stmt"/>
      <line num="7" count="303" type="stmt"/>
      <line num="8" count="303" type="stmt"/>
      <line num="9" count="303" type="stmt"/>
      <line num="10" count="303" type="stmt"/>
    </file>
    <file name="Solution.ts" path="C:\Users\meri.levente\Desktop\Tesztverseny\src\Solution.ts">
      <metrics statements="63" coveredstatements="59" conditionals="34" coveredconditionals="34" methods="18" coveredmethods="16"/>
      <line num="1" count="1" type="stmt"/>
      <line num="2" count="1" type="stmt"/>
      <line num="9" count="1" type="stmt"/>
      <line num="10" count="1" type="stmt"/>
      <line num="11" count="1" type="stmt"/>
      <line num="14" count="1" type="stmt"/>
      <line num="18" count="1" type="stmt"/>
      <line num="22" count="42" type="stmt"/>
      <line num="23" count="42" type="stmt"/>
      <line num="24" count="12726" type="stmt"/>
      <line num="25" count="12726" type="stmt"/>
      <line num="27" count="88116" type="stmt"/>
      <line num="28" count="42" type="stmt"/>
      <line num="32" count="1" type="stmt"/>
      <line num="33" count="305" type="cond" truecount="4" falsecount="0"/>
      <line num="34" count="303" type="stmt"/>
      <line num="35" count="2" type="cond" truecount="1" falsecount="0"/>
      <line num="36" count="1" type="stmt"/>
      <line num="41" count="3" type="stmt"/>
      <line num="45" count="61711404" type="stmt"/>
      <line num="49" count="4" type="cond" truecount="1" falsecount="0"/>
      <line num="50" count="3" type="stmt"/>
      <line num="51" count="3" type="cond" truecount="1" falsecount="0"/>
      <line num="52" count="2" type="stmt"/>
      <line num="53" count="1" type="stmt"/>
      <line num="54" count="1" type="stmt"/>
      <line num="58" count="12730" type="stmt"/>
      <line num="59" count="12730" type="cond" truecount="2" falsecount="0"/>
      <line num="60" count="1" type="stmt"/>
      <line num="63" count="12729" type="stmt"/>
      <line num="64" count="190935" type="cond" truecount="2" falsecount="0"/>
      <line num="65" count="62466" type="stmt"/>
      <line num="67" count="128469" type="stmt"/>
      <line num="70" count="12729" type="stmt"/>
      <line num="74" count="2" type="stmt"/>
      <line num="75" count="2" type="stmt"/>
      <line num="76" count="606" type="cond" truecount="1" falsecount="0"/>
      <line num="77" count="222" type="stmt"/>
      <line num="79" count="2" type="stmt"/>
      <line num="83" count="12727" type="stmt"/>
      <line num="84" count="12727" type="stmt"/>
      <line num="85" count="12727" type="stmt"/>
      <line num="86" count="190905" type="cond" truecount="5" falsecount="0"/>
      <line num="87" count="22808" type="stmt"/>
      <line num="88" count="168097" type="cond" truecount="5" falsecount="0"/>
      <line num="89" count="22346" type="stmt"/>
      <line num="90" count="145751" type="cond" truecount="5" falsecount="0"/>
      <line num="91" count="12516" type="stmt"/>
      <line num="92" count="133235" type="cond" truecount="3" falsecount="0"/>
      <line num="93" count="4788" type="stmt"/>
      <line num="94" count="190905" type="stmt"/>
      <line num="96" count="12727" type="stmt"/>
      <line num="100" count="0" type="stmt"/>
      <line num="101" count="0" type="stmt"/>
      <line num="102" count="0" type="stmt"/>
      <line num="104" count="0" type="stmt"/>
      <line num="108" count="2" type="stmt"/>
      <line num="109" count="2" type="stmt"/>
      <line num="110" count="2" type="stmt"/>
      <line num="111" count="10" type="cond" truecount="2" falsecount="0"/>
      <line num="112" count="8" type="stmt"/>
      <line num="113" count="8" type="cond" truecount="2" falsecount="0"/>
      <line num="115" count="2" type="stmt"/>
    </file>
  </project>
</coverage>
