{"C:\\Users\\meri.levente\\Desktop\\Tesztverseny\\src\\Contender.ts": {"path":"C:\\Users\\meri.levente\\Desktop\\Tesztverseny\\src\\Contender.ts","statementMap":{"0":{"start":{"line":7,"column":31},"end":{"line":7,"column":46}},"1":{"start":{"line":8,"column":8},"end":{"line":8,"column":null}},"2":{"start":{"line":9,"column":8},"end":{"line":9,"column":null}},"3":{"start":{"line":10,"column":8},"end":{"line":10,"column":null}},"4":{"start":{"line":1,"column":0},"end":{"line":1,"column":21}}},"fnMap":{"0":{"name":"(anonymous_0)","decl":{"start":{"line":6,"column":4},"end":{"line":6,"column":16}},"loc":{"start":{"line":6,"column":28},"end":{"line":11,"column":5}}}},"branchMap":{},"s":{"0":303,"1":303,"2":303,"3":303,"4":1},"f":{"0":303},"b":{}}
,"C:\\Users\\meri.levente\\Desktop\\Tesztverseny\\src\\Solution.ts": {"path":"C:\\Users\\meri.levente\\Desktop\\Tesztverseny\\src\\Solution.ts","statementMap":{"0":{"start":{"line":1,"column":0},"end":{"line":1,"column":19}},"1":{"start":{"line":2,"column":0},"end":{"line":2,"column":35}},"2":{"start":{"line":14,"column":8},"end":{"line":14,"column":null}},"3":{"start":{"line":18,"column":8},"end":{"line":18,"column":null}},"4":{"start":{"line":22,"column":44},"end":{"line":22,"column":46}},"5":{"start":{"line":23,"column":8},"end":{"line":26,"column":null}},"6":{"start":{"line":24,"column":12},"end":{"line":24,"column":null}},"7":{"start":{"line":25,"column":12},"end":{"line":25,"column":null}},"8":{"start":{"line":27,"column":8},"end":{"line":27,"column":null}},"9":{"start":{"line":27,"column":58},"end":{"line":27,"column":77}},"10":{"start":{"line":28,"column":8},"end":{"line":28,"column":null}},"11":{"start":{"line":10,"column":4},"end":{"line":10,"column":null}},"12":{"start":{"line":11,"column":4},"end":{"line":11,"column":null}},"13":{"start":{"line":32,"column":8},"end":{"line":37,"column":null}},"14":{"start":{"line":33,"column":12},"end":{"line":36,"column":39}},"15":{"start":{"line":34,"column":16},"end":{"line":34,"column":63}},"16":{"start":{"line":35,"column":17},"end":{"line":36,"column":39}},"17":{"start":{"line":36,"column":16},"end":{"line":36,"column":39}},"18":{"start":{"line":41,"column":8},"end":{"line":41,"column":39}},"19":{"start":{"line":45,"column":8},"end":{"line":45,"column":null}},"20":{"start":{"line":45,"column":44},"end":{"line":45,"column":68}},"21":{"start":{"line":49,"column":8},"end":{"line":54,"column":9}},"22":{"start":{"line":50,"column":38},"end":{"line":50,"column":68}},"23":{"start":{"line":51,"column":12},"end":{"line":52,"column":null}},"24":{"start":{"line":52,"column":16},"end":{"line":52,"column":null}},"25":{"start":{"line":53,"column":12},"end":{"line":53,"column":null}},"26":{"start":{"line":54,"column":10},"end":{"line":54,"column":null}},"27":{"start":{"line":58,"column":29},"end":{"line":58,"column":98}},"28":{"start":{"line":59,"column":8},"end":{"line":69,"column":9}},"29":{"start":{"line":60,"column":12},"end":{"line":60,"column":null}},"30":{"start":{"line":63,"column":12},"end":{"line":68,"column":13}},"31":{"start":{"line":63,"column":25},"end":{"line":63,"column":26}},"32":{"start":{"line":64,"column":16},"end":{"line":67,"column":null}},"33":{"start":{"line":65,"column":20},"end":{"line":65,"column":null}},"34":{"start":{"line":67,"column":20},"end":{"line":67,"column":null}},"35":{"start":{"line":70,"column":8},"end":{"line":70,"column":null}},"36":{"start":{"line":74,"column":40},"end":{"line":74,"column":41}},"37":{"start":{"line":75,"column":8},"end":{"line":78,"column":9}},"38":{"start":{"line":76,"column":12},"end":{"line":77,"column":36}},"39":{"start":{"line":77,"column":16},"end":{"line":77,"column":36}},"40":{"start":{"line":79,"column":8},"end":{"line":79,"column":127}},"41":{"start":{"line":83,"column":29},"end":{"line":83,"column":30}},"42":{"start":{"line":84,"column":28},"end":{"line":84,"column":29}},"43":{"start":{"line":85,"column":8},"end":{"line":95,"column":null}},"44":{"start":{"line":86,"column":12},"end":{"line":93,"column":null}},"45":{"start":{"line":87,"column":16},"end":{"line":87,"column":null}},"46":{"start":{"line":88,"column":17},"end":{"line":93,"column":null}},"47":{"start":{"line":89,"column":16},"end":{"line":89,"column":null}},"48":{"start":{"line":90,"column":17},"end":{"line":93,"column":null}},"49":{"start":{"line":91,"column":16},"end":{"line":91,"column":null}},"50":{"start":{"line":92,"column":17},"end":{"line":93,"column":null}},"51":{"start":{"line":93,"column":16},"end":{"line":93,"column":null}},"52":{"start":{"line":94,"column":12},"end":{"line":94,"column":null}},"53":{"start":{"line":96,"column":8},"end":{"line":96,"column":null}},"54":{"start":{"line":100,"column":34},"end":{"line":100,"column":36}},"55":{"start":{"line":101,"column":8},"end":{"line":103,"column":null}},"56":{"start":{"line":102,"column":12},"end":{"line":102,"column":null}},"57":{"start":{"line":104,"column":8},"end":{"line":104,"column":null}},"58":{"start":{"line":108,"column":29},"end":{"line":108,"column":31}},"59":{"start":{"line":109,"column":32},"end":{"line":109,"column":33}},"60":{"start":{"line":110,"column":8},"end":{"line":117,"column":9}},"61":{"start":{"line":110,"column":21},"end":{"line":110,"column":22}},"62":{"start":{"line":111,"column":12},"end":{"line":116,"column":13}},"63":{"start":{"line":112,"column":16},"end":{"line":112,"column":null}},"64":{"start":{"line":113,"column":16},"end":{"line":113,"column":null}},"65":{"start":{"line":115,"column":16},"end":{"line":115,"column":null}},"66":{"start":{"line":9,"column":21},"end":{"line":9,"column":null}}},"fnMap":{"0":{"name":"(anonymous_3)","decl":{"start":{"line":13,"column":4},"end":{"line":13,"column":8}},"loc":{"start":{"line":13,"column":21},"end":{"line":15,"column":5}}},"1":{"name":"(anonymous_4)","decl":{"start":{"line":17,"column":4},"end":{"line":17,"column":8}},"loc":{"start":{"line":17,"column":21},"end":{"line":19,"column":5}}},"2":{"name":"(anonymous_5)","decl":{"start":{"line":21,"column":4},"end":{"line":21,"column":16}},"loc":{"start":{"line":21,"column":33},"end":{"line":29,"column":5}}},"3":{"name":"(anonymous_6)","decl":{"start":{"line":23,"column":33},"end":{"line":23,"column":34}},"loc":{"start":{"line":23,"column":36},"end":{"line":26,"column":9}}},"4":{"name":"(anonymous_7)","decl":{"start":{"line":27,"column":49},"end":{"line":27,"column":50}},"loc":{"start":{"line":27,"column":58},"end":{"line":27,"column":77}}},"5":{"name":"(anonymous_8)","decl":{"start":{"line":31,"column":4},"end":{"line":31,"column":16}},"loc":{"start":{"line":31,"column":30},"end":{"line":38,"column":5}}},"6":{"name":"(anonymous_9)","decl":{"start":{"line":32,"column":63},"end":{"line":32,"column":64}},"loc":{"start":{"line":32,"column":66},"end":{"line":37,"column":9}}},"7":{"name":"(anonymous_10)","decl":{"start":{"line":40,"column":4},"end":{"line":40,"column":19}},"loc":{"start":{"line":40,"column":19},"end":{"line":42,"column":5}}},"8":{"name":"(anonymous_11)","decl":{"start":{"line":44,"column":12},"end":{"line":44,"column":28}},"loc":{"start":{"line":44,"column":39},"end":{"line":46,"column":5}}},"9":{"name":"(anonymous_12)","decl":{"start":{"line":45,"column":39},"end":{"line":45,"column":40}},"loc":{"start":{"line":45,"column":44},"end":{"line":45,"column":68}}},"10":{"name":"(anonymous_13)","decl":{"start":{"line":48,"column":4},"end":{"line":48,"column":25}},"loc":{"start":{"line":48,"column":41},"end":{"line":55,"column":5}}},"11":{"name":"(anonymous_14)","decl":{"start":{"line":57,"column":4},"end":{"line":57,"column":16}},"loc":{"start":{"line":57,"column":26},"end":{"line":71,"column":5}}},"12":{"name":"(anonymous_15)","decl":{"start":{"line":73,"column":4},"end":{"line":73,"column":24}},"loc":{"start":{"line":73,"column":38},"end":{"line":80,"column":5}}},"13":{"name":"(anonymous_16)","decl":{"start":{"line":82,"column":4},"end":{"line":82,"column":23}},"loc":{"start":{"line":82,"column":34},"end":{"line":97,"column":5}}},"14":{"name":"(anonymous_17)","decl":{"start":{"line":85,"column":63},"end":{"line":85,"column":64}},"loc":{"start":{"line":85,"column":67},"end":{"line":95,"column":9}}},"15":{"name":"(anonymous_18)","decl":{"start":{"line":99,"column":4},"end":{"line":99,"column":28}},"loc":{"start":{"line":99,"column":28},"end":{"line":105,"column":5}}},"16":{"name":"(anonymous_19)","decl":{"start":{"line":101,"column":33},"end":{"line":101,"column":34}},"loc":{"start":{"line":101,"column":37},"end":{"line":103,"column":9}}},"17":{"name":"(anonymous_20)","decl":{"start":{"line":107,"column":4},"end":{"line":107,"column":20}},"loc":{"start":{"line":107,"column":20},"end":{"line":118,"column":5}}}},"branchMap":{"0":{"loc":{"start":{"line":33,"column":12},"end":{"line":36,"column":39}},"type":"if","locations":[{"start":{"line":33,"column":12},"end":{"line":36,"column":39}},{"start":{"line":35,"column":17},"end":{"line":36,"column":39}}]},"1":{"loc":{"start":{"line":33,"column":15},"end":{"line":33,"column":41}},"type":"binary-expr","locations":[{"start":{"line":33,"column":15},"end":{"line":33,"column":22}},{"start":{"line":33,"column":26},"end":{"line":33,"column":41}}]},"2":{"loc":{"start":{"line":35,"column":17},"end":{"line":36,"column":39}},"type":"if","locations":[{"start":{"line":35,"column":17},"end":{"line":36,"column":39}}]},"3":{"loc":{"start":{"line":49,"column":8},"end":{"line":54,"column":9}},"type":"if","locations":[{"start":{"line":49,"column":8},"end":{"line":54,"column":9}}]},"4":{"loc":{"start":{"line":51,"column":12},"end":{"line":52,"column":null}},"type":"if","locations":[{"start":{"line":51,"column":12},"end":{"line":52,"column":null}}]},"5":{"loc":{"start":{"line":59,"column":8},"end":{"line":69,"column":9}},"type":"if","locations":[{"start":{"line":59,"column":8},"end":{"line":69,"column":9}},{"start":{"line":62,"column":8},"end":{"line":69,"column":9}}]},"6":{"loc":{"start":{"line":64,"column":16},"end":{"line":67,"column":null}},"type":"if","locations":[{"start":{"line":64,"column":16},"end":{"line":67,"column":null}},{"start":{"line":67,"column":20},"end":{"line":67,"column":null}}]},"7":{"loc":{"start":{"line":76,"column":12},"end":{"line":77,"column":36}},"type":"if","locations":[{"start":{"line":76,"column":12},"end":{"line":77,"column":36}}]},"8":{"loc":{"start":{"line":86,"column":12},"end":{"line":93,"column":null}},"type":"if","locations":[{"start":{"line":86,"column":12},"end":{"line":93,"column":null}},{"start":{"line":88,"column":17},"end":{"line":93,"column":null}}]},"9":{"loc":{"start":{"line":86,"column":15},"end":{"line":86,"column":51}},"type":"binary-expr","locations":[{"start":{"line":86,"column":15},"end":{"line":86,"column":23}},{"start":{"line":86,"column":27},"end":{"line":86,"column":37}},{"start":{"line":86,"column":41},"end":{"line":86,"column":51}}]},"10":{"loc":{"start":{"line":88,"column":17},"end":{"line":93,"column":null}},"type":"if","locations":[{"start":{"line":88,"column":17},"end":{"line":93,"column":null}},{"start":{"line":90,"column":17},"end":{"line":93,"column":null}}]},"11":{"loc":{"start":{"line":88,"column":20},"end":{"line":88,"column":57}},"type":"binary-expr","locations":[{"start":{"line":88,"column":20},"end":{"line":88,"column":28}},{"start":{"line":88,"column":32},"end":{"line":88,"column":42}},{"start":{"line":88,"column":46},"end":{"line":88,"column":57}}]},"12":{"loc":{"start":{"line":90,"column":17},"end":{"line":93,"column":null}},"type":"if","locations":[{"start":{"line":90,"column":17},"end":{"line":93,"column":null}},{"start":{"line":92,"column":17},"end":{"line":93,"column":null}}]},"13":{"loc":{"start":{"line":90,"column":20},"end":{"line":90,"column":58}},"type":"binary-expr","locations":[{"start":{"line":90,"column":20},"end":{"line":90,"column":28}},{"start":{"line":90,"column":32},"end":{"line":90,"column":43}},{"start":{"line":90,"column":47},"end":{"line":90,"column":58}}]},"14":{"loc":{"start":{"line":92,"column":17},"end":{"line":93,"column":null}},"type":"if","locations":[{"start":{"line":92,"column":17},"end":{"line":93,"column":null}}]},"15":{"loc":{"start":{"line":92,"column":20},"end":{"line":92,"column":43}},"type":"binary-expr","locations":[{"start":{"line":92,"column":20},"end":{"line":92,"column":28}},{"start":{"line":92,"column":32},"end":{"line":92,"column":43}}]},"16":{"loc":{"start":{"line":111,"column":12},"end":{"line":116,"column":13}},"type":"if","locations":[{"start":{"line":111,"column":12},"end":{"line":116,"column":13}},{"start":{"line":114,"column":18},"end":{"line":116,"column":13}}]},"17":{"loc":{"start":{"line":113,"column":16},"end":{"line":113,"column":129}},"type":"cond-expr","locations":[{"start":{"line":113,"column":91},"end":{"line":113,"column":112}},{"start":{"line":113,"column":115},"end":{"line":113,"column":129}}]}},"s":{"0":1,"1":1,"2":1,"3":1,"4":42,"5":42,"6":12726,"7":12726,"8":42,"9":88116,"10":42,"11":1,"12":1,"13":1,"14":305,"15":303,"16":2,"17":1,"18":3,"19":203668,"20":61711404,"21":4,"22":3,"23":3,"24":2,"25":1,"26":1,"27":12730,"28":12730,"29":1,"30":12729,"31":12729,"32":190935,"33":62466,"34":128469,"35":12729,"36":2,"37":2,"38":606,"39":222,"40":2,"41":12727,"42":12727,"43":12727,"44":190905,"45":22808,"46":168097,"47":22346,"48":145751,"49":12516,"50":133235,"51":4788,"52":190905,"53":12727,"54":0,"55":0,"56":0,"57":0,"58":2,"59":2,"60":2,"61":2,"62":10,"63":8,"64":8,"65":2,"66":1},"f":{"0":1,"1":1,"2":42,"3":12726,"4":88116,"5":1,"6":305,"7":3,"8":203668,"9":61711404,"10":4,"11":12730,"12":2,"13":12727,"14":190905,"15":0,"16":0,"17":2},"b":{"0":[303,2],"1":[305,304],"2":[1],"3":[3],"4":[2],"5":[1,12729],"6":[62466,128469],"7":[222],"8":[22808,168097],"9":[190905,62458,62458],"10":[22346,145751],"11":[168097,39650,39650],"12":[12516,133235],"13":[145751,17304,17304],"14":[4788],"15":[133235,4788],"16":[8,2],"17":[2,6]}}
}
