TN:
SF:src\Contender.ts
FN:6,(anonymous_0)
FNF:1
FNH:1
FNDA:303,(anonymous_0)
DA:1,1
DA:7,303
DA:8,303
DA:9,303
DA:10,303
LF:5
LH:5
BRF:0
BRH:0
end_of_record
TN:
SF:src\Solution.ts
FN:13,(anonymous_3)
FN:17,(anonymous_4)
FN:21,(anonymous_5)
FN:23,(anonymous_6)
FN:27,(anonymous_7)
FN:31,(anonymous_8)
FN:32,(anonymous_9)
FN:40,(anonymous_10)
FN:44,(anonymous_11)
FN:45,(anonymous_12)
FN:48,(anonymous_13)
FN:57,(anonymous_14)
FN:73,(anonymous_15)
FN:82,(anonymous_16)
FN:85,(anonymous_17)
FN:99,(anonymous_18)
FN:101,(anonymous_19)
FN:109,(anonymous_20)
FNF:18
FNH:16
FNDA:1,(anonymous_3)
FNDA:1,(anonymous_4)
FNDA:42,(anonymous_5)
FNDA:12726,(anonymous_6)
FNDA:88116,(anonymous_7)
FNDA:1,(anonymous_8)
FNDA:305,(anonymous_9)
FNDA:3,(anonymous_10)
FNDA:203667,(anonymous_11)
FNDA:61711101,(anonymous_12)
FNDA:4,(anonymous_13)
FNDA:12729,(anonymous_14)
FNDA:2,(anonymous_15)
FNDA:12727,(anonymous_16)
FNDA:190905,(anonymous_17)
FNDA:0,(anonymous_18)
FNDA:0,(anonymous_19)
FNDA:2,(anonymous_20)
DA:1,1
DA:2,1
DA:9,1
DA:10,1
DA:11,1
DA:14,1
DA:18,1
DA:22,42
DA:23,42
DA:24,12726
DA:25,12726
DA:27,88116
DA:28,42
DA:32,1
DA:33,305
DA:34,303
DA:35,2
DA:36,1
DA:41,3
DA:45,61711101
DA:49,4
DA:50,3
DA:51,3
DA:52,2
DA:53,1
DA:54,1
DA:58,12729
DA:59,12729
DA:60,0
DA:63,12729
DA:64,190935
DA:65,62466
DA:67,128469
DA:70,12729
DA:74,2
DA:75,2
DA:76,606
DA:77,222
DA:79,2
DA:83,12727
DA:84,12727
DA:85,12727
DA:86,190905
DA:87,22808
DA:88,168097
DA:89,22346
DA:90,145751
DA:91,12516
DA:92,133235
DA:93,4788
DA:94,190905
DA:96,12727
DA:100,0
DA:101,0
DA:102,0
DA:104,0
DA:110,2
DA:111,2
DA:112,2
DA:113,10
DA:114,8
DA:115,8
DA:117,2
LF:63
LH:58
BRDA:33,0,0,303
BRDA:33,0,1,2
BRDA:33,1,0,305
BRDA:33,1,1,304
BRDA:35,2,0,1
BRDA:49,3,0,3
BRDA:51,4,0,2
BRDA:59,5,0,0
BRDA:59,5,1,12729
BRDA:64,6,0,62466
BRDA:64,6,1,128469
BRDA:76,7,0,222
BRDA:86,8,0,22808
BRDA:86,8,1,168097
BRDA:86,9,0,190905
BRDA:86,9,1,62458
BRDA:86,9,2,62458
BRDA:88,10,0,22346
BRDA:88,10,1,145751
BRDA:88,11,0,168097
BRDA:88,11,1,39650
BRDA:88,11,2,39650
BRDA:90,12,0,12516
BRDA:90,12,1,133235
BRDA:90,13,0,145751
BRDA:90,13,1,17304
BRDA:90,13,2,17304
BRDA:92,14,0,4788
BRDA:92,15,0,133235
BRDA:92,15,1,4788
BRDA:113,16,0,8
BRDA:113,16,1,2
BRDA:115,17,0,2
BRDA:115,17,1,6
BRF:34
BRH:33
end_of_record
